Started GET "/" for 127.0.0.1 at 2018-02-20 00:44:35 -0600
Processing by Rails::WelcomeController#index as HTML
  Rendering /home/luis/.rvm/gems/ruby-2.4.1/gems/railties-5.1.5/lib/rails/templates/rails/welcome/index.html.erb
  Rendered /home/luis/.rvm/gems/ruby-2.4.1/gems/railties-5.1.5/lib/rails/templates/rails/welcome/index.html.erb (7.4ms)
Completed 200 OK in 323ms (Views: 12.4ms)


Started GET "/" for 127.0.0.1 at 2018-02-20 00:46:59 -0600
Processing by Rails::WelcomeController#index as HTML
  Rendering /home/luis/.rvm/gems/ruby-2.4.1/gems/railties-5.1.5/lib/rails/templates/rails/welcome/index.html.erb
  Rendered /home/luis/.rvm/gems/ruby-2.4.1/gems/railties-5.1.5/lib/rails/templates/rails/welcome/index.html.erb (3.1ms)
Completed 200 OK in 6ms (Views: 4.7ms)


Started GET "/" for 127.0.0.1 at 2018-02-20 00:48:02 -0600
Processing by WelcomeController#index as HTML
  Rendering welcome/index.html.erb within layouts/application
  Rendered welcome/index.html.erb within layouts/application (0.4ms)
Completed 200 OK in 715ms (Views: 714.3ms)


Started GET "/locations/new" for 127.0.0.1 at 2018-02-20 00:50:22 -0600
Processing by LocationsController#new as HTML
  Rendering locations/new.html.erb within layouts/application
  Rendered locations/new.html.erb within layouts/application (0.4ms)
Completed 200 OK in 79ms (Views: 77.5ms)


Started GET "/locations/new" for 127.0.0.1 at 2018-02-20 00:54:04 -0600
Processing by LocationsController#new as HTML
  Rendering locations/new.html.erb within layouts/application
  Rendered locations/new.html.erb within layouts/application (3.6ms)
Completed 500 Internal Server Error in 7ms


  
ActionView::Template::Error (No route matches {:action=>"show", :controller=>"locations"}, missing required keys: [:id]):
    1: <h1>New Location</h1>
    2: 
    3: 
    4: <%= form_for :location, url: location_path do |f| %>
    5:   	<p>
    6:     	<%= f.label :name %><br>
    7:     	<%= f.text_field :name %>
  
app/views/locations/new.html.erb:4:in `_app_views_locations_new_html_erb___4022039617945583859_70181123069000'
Started GET "/locations/new" for 127.0.0.1 at 2018-02-20 00:55:03 -0600
Processing by LocationsController#new as HTML
  Rendering locations/new.html.erb within layouts/application
  Rendered locations/new.html.erb within layouts/application (17.9ms)
Completed 200 OK in 42ms (Views: 39.6ms)


Started POST "/locations" for 127.0.0.1 at 2018-02-20 00:55:11 -0600
Processing by LocationsController#create as HTML
  Parameters: {"utf8"=>"✓", "authenticity_token"=>"Gm6ImYio5OSk/KW392EzjqE+CpRsQxwxoBiLjRaQOfd1azyuwQPlc9UOA4wnsIHMUZ0qWs9u+PmnyGmR6agi7w==", "location"=>{"name"=>"San Pedro Sula"}, "commit"=>"Save Location"}
  Rendering text template
  Rendered text template (0.0ms)
Completed 200 OK in 2ms (Views: 1.0ms)


  [1m[35m (0.1ms)[0m  [1m[34mSELECT sqlite_version(*)[0m
  [1m[35m (101.8ms)[0m  [1m[35mCREATE TABLE "schema_migrations" ("version" varchar NOT NULL PRIMARY KEY)[0m
  [1m[35m (147.8ms)[0m  [1m[35mCREATE TABLE "ar_internal_metadata" ("key" varchar NOT NULL PRIMARY KEY, "value" varchar, "created_at" datetime NOT NULL, "updated_at" datetime NOT NULL)[0m
  [1m[35m (0.3ms)[0m  [1m[34mSELECT "schema_migrations"."version" FROM "schema_migrations" ORDER BY "schema_migrations"."version" ASC[0m
Migrating to CreateLocations (20180220065635)
  [1m[35m (0.1ms)[0m  [1m[36mbegin transaction[0m
  [1m[35m (0.7ms)[0m  [1m[35mCREATE TABLE "locations" ("id" INTEGER PRIMARY KEY AUTOINCREMENT NOT NULL, "name" varchar, "created_at" datetime NOT NULL, "updated_at" datetime NOT NULL)[0m
  [1m[35mSQL (0.3ms)[0m  [1m[32mINSERT INTO "schema_migrations" ("version") VALUES (?)[0m  [["version", "20180220065635"]]
  [1m[35m (103.2ms)[0m  [1m[36mcommit transaction[0m
  [1m[36mActiveRecord::InternalMetadata Load (0.2ms)[0m  [1m[34mSELECT  "ar_internal_metadata".* FROM "ar_internal_metadata" WHERE "ar_internal_metadata"."key" = ? LIMIT ?[0m  [["key", "environment"], ["LIMIT", 1]]
  [1m[35m (0.1ms)[0m  [1m[36mbegin transaction[0m
  [1m[35mSQL (0.3ms)[0m  [1m[32mINSERT INTO "ar_internal_metadata" ("key", "value", "created_at", "updated_at") VALUES (?, ?, ?, ?)[0m  [["key", "environment"], ["value", "development"], ["created_at", "2018-02-20 06:57:30.933828"], ["updated_at", "2018-02-20 06:57:30.933828"]]
  [1m[35m (79.2ms)[0m  [1m[36mcommit transaction[0m
  [1m[35m (0.2ms)[0m  [1m[34mSELECT "schema_migrations"."version" FROM "schema_migrations" ORDER BY "schema_migrations"."version" ASC[0m
Started POST "/locations" for 127.0.0.1 at 2018-02-20 01:02:38 -0600
  [1m[35m (0.2ms)[0m  [1m[34mSELECT "schema_migrations"."version" FROM "schema_migrations" ORDER BY "schema_migrations"."version" ASC[0m
Processing by LocationsController#create as HTML
  Parameters: {"utf8"=>"✓", "authenticity_token"=>"Gm6ImYio5OSk/KW392EzjqE+CpRsQxwxoBiLjRaQOfd1azyuwQPlc9UOA4wnsIHMUZ0qWs9u+PmnyGmR6agi7w==", "location"=>{"name"=>"San Pedro Sula"}, "commit"=>"Save Location"}
  [1m[35m (0.1ms)[0m  [1m[36mbegin transaction[0m
  [1m[35mSQL (0.6ms)[0m  [1m[32mINSERT INTO "locations" ("name", "created_at", "updated_at") VALUES (?, ?, ?)[0m  [["name", "San Pedro Sula"], ["created_at", "2018-02-20 07:02:38.782134"], ["updated_at", "2018-02-20 07:02:38.782134"]]
  [1m[35m (103.8ms)[0m  [1m[36mcommit transaction[0m
Redirected to http://localhost:3000/locations/1
Completed 302 Found in 120ms (ActiveRecord: 105.4ms)


Started GET "/locations/1" for 127.0.0.1 at 2018-02-20 01:02:38 -0600
Processing by LocationsController#show as HTML
  Parameters: {"id"=>"1"}
  [1m[36mLocation Load (0.5ms)[0m  [1m[34mSELECT  "locations".* FROM "locations" WHERE "locations"."id" = ? LIMIT ?[0m  [["id", 1], ["LIMIT", 1]]
  Rendering locations/show.html.erb within layouts/application
  Rendered locations/show.html.erb within layouts/application (0.6ms)
Completed 200 OK in 28ms (Views: 22.1ms | ActiveRecord: 0.5ms)


Started POST "/locations" for 127.0.0.1 at 2018-02-20 01:02:50 -0600
Processing by LocationsController#create as HTML
  Parameters: {"utf8"=>"✓", "authenticity_token"=>"Gm6ImYio5OSk/KW392EzjqE+CpRsQxwxoBiLjRaQOfd1azyuwQPlc9UOA4wnsIHMUZ0qWs9u+PmnyGmR6agi7w==", "location"=>{"name"=>"Tegucigalpa"}, "commit"=>"Save Location"}
  [1m[35m (0.2ms)[0m  [1m[36mbegin transaction[0m
  [1m[35mSQL (0.4ms)[0m  [1m[32mINSERT INTO "locations" ("name", "created_at", "updated_at") VALUES (?, ?, ?)[0m  [["name", "Tegucigalpa"], ["created_at", "2018-02-20 07:02:50.027150"], ["updated_at", "2018-02-20 07:02:50.027150"]]
  [1m[35m (207.5ms)[0m  [1m[36mcommit transaction[0m
Redirected to http://localhost:3000/locations/2
Completed 302 Found in 213ms (ActiveRecord: 208.0ms)


Started GET "/locations/2" for 127.0.0.1 at 2018-02-20 01:02:50 -0600
Processing by LocationsController#show as HTML
  Parameters: {"id"=>"2"}
  [1m[36mLocation Load (0.1ms)[0m  [1m[34mSELECT  "locations".* FROM "locations" WHERE "locations"."id" = ? LIMIT ?[0m  [["id", 2], ["LIMIT", 1]]
  Rendering locations/show.html.erb within layouts/application
  Rendered locations/show.html.erb within layouts/application (0.8ms)
Completed 200 OK in 34ms (Views: 32.1ms | ActiveRecord: 0.1ms)


Started GET "/locations/1" for 127.0.0.1 at 2018-02-20 01:02:56 -0600
Processing by LocationsController#show as HTML
  Parameters: {"id"=>"1"}
  [1m[36mLocation Load (0.2ms)[0m  [1m[34mSELECT  "locations".* FROM "locations" WHERE "locations"."id" = ? LIMIT ?[0m  [["id", 1], ["LIMIT", 1]]
  Rendering locations/show.html.erb within layouts/application
  Rendered locations/show.html.erb within layouts/application (0.7ms)
Completed 200 OK in 28ms (Views: 25.7ms | ActiveRecord: 0.2ms)


Started GET "/locations" for 127.0.0.1 at 2018-02-20 01:11:12 -0600
Processing by LocationsController#index as HTML
  Rendering locations/index.html.erb within layouts/application
  [1m[36mLocation Load (0.2ms)[0m  [1m[34mSELECT "locations".* FROM "locations"[0m
  Rendered locations/index.html.erb within layouts/application (9.4ms)
Completed 200 OK in 36ms (Views: 30.9ms | ActiveRecord: 1.5ms)


Started GET "/locations" for 127.0.0.1 at 2018-02-20 01:21:32 -0600
Processing by LocationsController#index as HTML
Completed 500 Internal Server Error in 2ms


  
SyntaxError (/home/luis/Escritorio/clima/app/models/location.rb:2: syntax error, unexpected ':', expecting keyword_end
	validates: name, presence: true,
	          ^
/home/luis/Escritorio/clima/app/models/location.rb:2: Can't assign to true
lidates: name, presence: true,
                              ^):
  
app/models/location.rb:2: syntax error, unexpected ':', expecting keyword_end
app/models/location.rb:2: Can't assign to true
app/controllers/locations_controller.rb:17:in `index'
Started GET "/locations" for 127.0.0.1 at 2018-02-20 01:22:02 -0600
Processing by LocationsController#index as HTML
  Rendering locations/index.html.erb within layouts/application
  [1m[36mLocation Load (0.2ms)[0m  [1m[34mSELECT "locations".* FROM "locations"[0m
  Rendered locations/index.html.erb within layouts/application (10.6ms)
Completed 200 OK in 36ms (Views: 32.1ms | ActiveRecord: 1.7ms)


Started GET "/locations/new" for 127.0.0.1 at 2018-02-20 01:22:03 -0600
Processing by LocationsController#new as HTML
  Rendering locations/new.html.erb within layouts/application
  Rendered locations/new.html.erb within layouts/application (3.9ms)
Completed 200 OK in 29ms (Views: 27.8ms | ActiveRecord: 0.0ms)


Started GET "/locations" for 127.0.0.1 at 2018-02-20 01:22:05 -0600
Processing by LocationsController#index as HTML
  Rendering locations/index.html.erb within layouts/application
  [1m[36mLocation Load (0.3ms)[0m  [1m[34mSELECT "locations".* FROM "locations"[0m
  Rendered locations/index.html.erb within layouts/application (2.0ms)
Completed 200 OK in 29ms (Views: 26.6ms | ActiveRecord: 0.3ms)


Started GET "/locations/new" for 127.0.0.1 at 2018-02-20 01:22:07 -0600
Processing by LocationsController#new as HTML
  Rendering locations/new.html.erb within layouts/application
  Rendered locations/new.html.erb within layouts/application (4.9ms)
Completed 200 OK in 32ms (Views: 30.3ms | ActiveRecord: 0.0ms)


Started POST "/locations" for 127.0.0.1 at 2018-02-20 01:22:15 -0600
Processing by LocationsController#create as HTML
  Parameters: {"utf8"=>"✓", "authenticity_token"=>"XsC9pe9/BlfLDNEI2PLzDvAkSY6Zc1jwnVKKHIh9CoOS2z0LPBD0FZLhUbI0Ol/dg9Z3rcTWWQ/+RClVFSZ+nw==", "location"=>{"name"=>"El Progreso"}, "commit"=>"Save Location"}
  [1m[35m (0.3ms)[0m  [1m[36mbegin transaction[0m
  [1m[35mSQL (1.7ms)[0m  [1m[32mINSERT INTO "locations" ("name", "created_at", "updated_at") VALUES (?, ?, ?)[0m  [["name", "El Progreso"], ["created_at", "2018-02-20 07:22:15.120486"], ["updated_at", "2018-02-20 07:22:15.120486"]]
  [1m[35m (201.9ms)[0m  [1m[36mcommit transaction[0m
Redirected to http://localhost:3000/locations/3
Completed 302 Found in 212ms (ActiveRecord: 203.9ms)


Started GET "/locations/3" for 127.0.0.1 at 2018-02-20 01:22:15 -0600
Processing by LocationsController#show as HTML
  Parameters: {"id"=>"3"}
  [1m[36mLocation Load (0.3ms)[0m  [1m[34mSELECT  "locations".* FROM "locations" WHERE "locations"."id" = ? LIMIT ?[0m  [["id", 3], ["LIMIT", 1]]
  Rendering locations/show.html.erb within layouts/application
  Rendered locations/show.html.erb within layouts/application (0.7ms)
Completed 200 OK in 32ms (Views: 28.9ms | ActiveRecord: 0.3ms)


Started GET "/locations" for 127.0.0.1 at 2018-02-20 01:22:16 -0600
Processing by LocationsController#index as HTML
  Rendering locations/index.html.erb within layouts/application
  [1m[36mLocation Load (0.3ms)[0m  [1m[34mSELECT "locations".* FROM "locations"[0m
  Rendered locations/index.html.erb within layouts/application (2.3ms)
Completed 200 OK in 34ms (Views: 31.8ms | ActiveRecord: 0.3ms)


Started GET "/locations" for 127.0.0.1 at 2018-02-20 01:22:39 -0600
Processing by LocationsController#index as HTML
  Rendering locations/index.html.erb within layouts/application
  [1m[36mLocation Load (0.2ms)[0m  [1m[34mSELECT "locations".* FROM "locations"[0m
  Rendered locations/index.html.erb within layouts/application (1.8ms)
Completed 200 OK in 28ms (Views: 25.4ms | ActiveRecord: 0.2ms)


Started GET "/locations" for 127.0.0.1 at 2018-02-20 01:22:49 -0600
Processing by LocationsController#index as HTML
  Rendering locations/index.html.erb within layouts/application
  [1m[36mLocation Load (0.2ms)[0m  [1m[34mSELECT "locations".* FROM "locations"[0m
  Rendered locations/index.html.erb within layouts/application (1.6ms)
Completed 200 OK in 27ms (Views: 24.3ms | ActiveRecord: 0.2ms)


Started GET "/locations" for 127.0.0.1 at 2018-02-20 01:28:47 -0600
Processing by LocationsController#index as HTML
  Rendering locations/index.html.erb within layouts/application
  [1m[36mLocation Load (0.2ms)[0m  [1m[34mSELECT "locations".* FROM "locations"[0m
  Rendered locations/index.html.erb within layouts/application (9.2ms)
Completed 200 OK in 36ms (Views: 30.8ms | ActiveRecord: 1.4ms)


Started GET "/locations/1" for 127.0.0.1 at 2018-02-20 01:28:49 -0600
Processing by LocationsController#show as HTML
  Parameters: {"id"=>"1"}
  [1m[36mLocation Load (0.6ms)[0m  [1m[34mSELECT  "locations".* FROM "locations" WHERE "locations"."id" = ? LIMIT ?[0m  [["id", 1], ["LIMIT", 1]]
  Rendering locations/show.html.erb within layouts/application
  Rendered locations/show.html.erb within layouts/application (1.0ms)
Completed 200 OK in 31ms (Views: 24.4ms | ActiveRecord: 0.6ms)


Started GET "/locations" for 127.0.0.1 at 2018-02-20 01:28:51 -0600
Processing by LocationsController#index as HTML
  Rendering locations/index.html.erb within layouts/application
  [1m[36mLocation Load (0.4ms)[0m  [1m[34mSELECT "locations".* FROM "locations"[0m
  Rendered locations/index.html.erb within layouts/application (3.7ms)
Completed 200 OK in 42ms (Views: 39.2ms | ActiveRecord: 0.4ms)


Started GET "/locations/2" for 127.0.0.1 at 2018-02-20 01:28:52 -0600
Processing by LocationsController#show as HTML
  Parameters: {"id"=>"2"}
  [1m[36mLocation Load (0.2ms)[0m  [1m[34mSELECT  "locations".* FROM "locations" WHERE "locations"."id" = ? LIMIT ?[0m  [["id", 2], ["LIMIT", 1]]
  Rendering locations/show.html.erb within layouts/application
  Rendered locations/show.html.erb within layouts/application (3.0ms)
Completed 200 OK in 30ms (Views: 28.0ms | ActiveRecord: 0.2ms)


Started GET "/locations" for 127.0.0.1 at 2018-02-20 01:28:53 -0600
Processing by LocationsController#index as HTML
  Rendering locations/index.html.erb within layouts/application
  [1m[36mLocation Load (0.6ms)[0m  [1m[34mSELECT "locations".* FROM "locations"[0m
  Rendered locations/index.html.erb within layouts/application (4.8ms)
Completed 200 OK in 41ms (Views: 37.3ms | ActiveRecord: 0.6ms)


Started GET "/locations/new" for 127.0.0.1 at 2018-02-20 01:28:55 -0600
Processing by LocationsController#new as HTML
  Rendering locations/new.html.erb within layouts/application
  Rendered locations/new.html.erb within layouts/application (4.3ms)
Completed 200 OK in 31ms (Views: 28.7ms | ActiveRecord: 0.0ms)


Started GET "/locations" for 127.0.0.1 at 2018-02-20 01:28:56 -0600
Processing by LocationsController#index as HTML
  Rendering locations/index.html.erb within layouts/application
  [1m[36mLocation Load (0.2ms)[0m  [1m[34mSELECT "locations".* FROM "locations"[0m
  Rendered locations/index.html.erb within layouts/application (2.5ms)
Completed 200 OK in 27ms (Views: 25.0ms | ActiveRecord: 0.2ms)


Started GET "/locations/3/edit" for 127.0.0.1 at 2018-02-20 01:28:59 -0600
Processing by LocationsController#edit as HTML
  Parameters: {"id"=>"3"}
  [1m[36mLocation Load (0.2ms)[0m  [1m[34mSELECT  "locations".* FROM "locations" WHERE "locations"."id" = ? LIMIT ?[0m  [["id", 3], ["LIMIT", 1]]
  Rendering locations/edit.html.erb within layouts/application
  Rendered locations/edit.html.erb within layouts/application (0.7ms)
Completed 200 OK in 31ms (Views: 28.3ms | ActiveRecord: 0.2ms)


Started GET "/locations" for 127.0.0.1 at 2018-02-20 01:34:29 -0600
Processing by LocationsController#index as HTML
  Rendering locations/index.html.erb within layouts/application
  [1m[36mLocation Load (0.3ms)[0m  [1m[34mSELECT "locations".* FROM "locations"[0m
  Rendered locations/index.html.erb within layouts/application (2.4ms)
Completed 200 OK in 26ms (Views: 23.6ms | ActiveRecord: 0.3ms)


Started GET "/locations" for 127.0.0.1 at 2018-02-20 01:34:30 -0600
Processing by LocationsController#index as HTML
  Rendering locations/index.html.erb within layouts/application
  [1m[36mLocation Load (0.3ms)[0m  [1m[34mSELECT "locations".* FROM "locations"[0m
  Rendered locations/index.html.erb within layouts/application (3.1ms)
Completed 200 OK in 35ms (Views: 33.9ms | ActiveRecord: 0.3ms)


Started GET "/locations" for 127.0.0.1 at 2018-02-20 01:34:30 -0600
Processing by LocationsController#index as HTML
  Rendering locations/index.html.erb within layouts/application
  [1m[36mLocation Load (0.3ms)[0m  [1m[34mSELECT "locations".* FROM "locations"[0m
  Rendered locations/index.html.erb within layouts/application (2.6ms)
Completed 200 OK in 27ms (Views: 24.3ms | ActiveRecord: 0.3ms)


Started GET "/locations/1" for 127.0.0.1 at 2018-02-20 01:34:32 -0600
Processing by LocationsController#show as HTML
  Parameters: {"id"=>"1"}
  [1m[36mLocation Load (0.2ms)[0m  [1m[34mSELECT  "locations".* FROM "locations" WHERE "locations"."id" = ? LIMIT ?[0m  [["id", 1], ["LIMIT", 1]]
  Rendering locations/show.html.erb within layouts/application
  Rendered locations/show.html.erb within layouts/application (1.3ms)
Completed 200 OK in 29ms (Views: 26.2ms | ActiveRecord: 0.2ms)


Started GET "/locations" for 127.0.0.1 at 2018-02-20 01:34:33 -0600
Processing by LocationsController#index as HTML
  Rendering locations/index.html.erb within layouts/application
  [1m[36mLocation Load (0.4ms)[0m  [1m[34mSELECT "locations".* FROM "locations"[0m
  Rendered locations/index.html.erb within layouts/application (3.8ms)
Completed 200 OK in 31ms (Views: 28.7ms | ActiveRecord: 0.4ms)


Started GET "/locations/1/edit" for 127.0.0.1 at 2018-02-20 01:34:34 -0600
Processing by LocationsController#edit as HTML
  Parameters: {"id"=>"1"}
  [1m[36mLocation Load (0.3ms)[0m  [1m[34mSELECT  "locations".* FROM "locations" WHERE "locations"."id" = ? LIMIT ?[0m  [["id", 1], ["LIMIT", 1]]
  Rendering locations/edit.html.erb within layouts/application
  Rendered locations/_form.html.erb (3.6ms)
  Rendered locations/edit.html.erb within layouts/application (5.6ms)
Completed 200 OK in 31ms (Views: 27.2ms | ActiveRecord: 0.3ms)


Started GET "/locations" for 127.0.0.1 at 2018-02-20 01:34:38 -0600
Processing by LocationsController#index as HTML
  Rendering locations/index.html.erb within layouts/application
  [1m[36mLocation Load (0.3ms)[0m  [1m[34mSELECT "locations".* FROM "locations"[0m
  Rendered locations/index.html.erb within layouts/application (3.3ms)
Completed 200 OK in 34ms (Views: 31.3ms | ActiveRecord: 0.3ms)


Started GET "/locations/1/edit" for 127.0.0.1 at 2018-02-20 01:34:40 -0600
Processing by LocationsController#edit as HTML
  Parameters: {"id"=>"1"}
  [1m[36mLocation Load (0.2ms)[0m  [1m[34mSELECT  "locations".* FROM "locations" WHERE "locations"."id" = ? LIMIT ?[0m  [["id", 1], ["LIMIT", 1]]
  Rendering locations/edit.html.erb within layouts/application
  Rendered locations/_form.html.erb (3.1ms)
  Rendered locations/edit.html.erb within layouts/application (4.9ms)
Completed 200 OK in 32ms (Views: 28.7ms | ActiveRecord: 0.2ms)


Started PATCH "/locations/1" for 127.0.0.1 at 2018-02-20 01:34:41 -0600
Processing by LocationsController#update as HTML
  Parameters: {"utf8"=>"✓", "authenticity_token"=>"8vNDpu5LFns1/uvfpHARK+gZCHu9gQCAAlu9ll3YOHPwnDA9yus8xTtgT8AK/Mn3Z3OtNJJpvouxrLj0TMiI4A==", "location"=>{"name"=>"San Pedro Sula"}, "commit"=>"Update Location", "id"=>"1"}
  [1m[36mLocation Load (0.2ms)[0m  [1m[34mSELECT  "locations".* FROM "locations" WHERE "locations"."id" = ? LIMIT ?[0m  [["id", 1], ["LIMIT", 1]]
  [1m[35m (0.1ms)[0m  [1m[36mbegin transaction[0m
  [1m[35m (0.1ms)[0m  [1m[36mcommit transaction[0m
Redirected to http://localhost:3000/locations/1
Completed 302 Found in 5ms (ActiveRecord: 0.4ms)


Started GET "/locations/1" for 127.0.0.1 at 2018-02-20 01:34:41 -0600
Processing by LocationsController#show as HTML
  Parameters: {"id"=>"1"}
  [1m[36mLocation Load (0.2ms)[0m  [1m[34mSELECT  "locations".* FROM "locations" WHERE "locations"."id" = ? LIMIT ?[0m  [["id", 1], ["LIMIT", 1]]
  Rendering locations/show.html.erb within layouts/application
  Rendered locations/show.html.erb within layouts/application (0.9ms)
Completed 200 OK in 35ms (Views: 33.2ms | ActiveRecord: 0.2ms)


Started GET "/locations/1/edit" for 127.0.0.1 at 2018-02-20 01:34:43 -0600
Processing by LocationsController#edit as HTML
  Parameters: {"id"=>"1"}
  [1m[36mLocation Load (0.2ms)[0m  [1m[34mSELECT  "locations".* FROM "locations" WHERE "locations"."id" = ? LIMIT ?[0m  [["id", 1], ["LIMIT", 1]]
  Rendering locations/edit.html.erb within layouts/application
  Rendered locations/_form.html.erb (4.0ms)
  Rendered locations/edit.html.erb within layouts/application (5.6ms)
Completed 200 OK in 34ms (Views: 31.6ms | ActiveRecord: 0.2ms)


Started PATCH "/locations/1" for 127.0.0.1 at 2018-02-20 01:34:44 -0600
Processing by LocationsController#update as HTML
  Parameters: {"utf8"=>"✓", "authenticity_token"=>"KfFfP+0N+3gQOiATFtje7cduwiVVlFGSYo1RC3s/FBIrniykya3Rxh6khAy4VAYxSARnanp875nRelRpai+kgQ==", "location"=>{"name"=>"San Pedro Sula"}, "commit"=>"Update Location", "id"=>"1"}
  [1m[36mLocation Load (0.3ms)[0m  [1m[34mSELECT  "locations".* FROM "locations" WHERE "locations"."id" = ? LIMIT ?[0m  [["id", 1], ["LIMIT", 1]]
  [1m[35m (0.1ms)[0m  [1m[36mbegin transaction[0m
  [1m[35m (0.2ms)[0m  [1m[36mcommit transaction[0m
Redirected to http://localhost:3000/locations/1
Completed 302 Found in 6ms (ActiveRecord: 0.6ms)


Started GET "/locations/1" for 127.0.0.1 at 2018-02-20 01:34:44 -0600
Processing by LocationsController#show as HTML
  Parameters: {"id"=>"1"}
  [1m[36mLocation Load (0.2ms)[0m  [1m[34mSELECT  "locations".* FROM "locations" WHERE "locations"."id" = ? LIMIT ?[0m  [["id", 1], ["LIMIT", 1]]
  Rendering locations/show.html.erb within layouts/application
  Rendered locations/show.html.erb within layouts/application (3.6ms)
Completed 200 OK in 33ms (Views: 30.9ms | ActiveRecord: 0.2ms)


Started GET "/locations" for 127.0.0.1 at 2018-02-20 01:34:45 -0600
Processing by LocationsController#index as HTML
  Rendering locations/index.html.erb within layouts/application
  [1m[36mLocation Load (0.3ms)[0m  [1m[34mSELECT "locations".* FROM "locations"[0m
  Rendered locations/index.html.erb within layouts/application (2.7ms)
Completed 200 OK in 28ms (Views: 26.0ms | ActiveRecord: 0.3ms)


Started GET "/locations/new" for 127.0.0.1 at 2018-02-20 01:34:47 -0600
Processing by LocationsController#new as HTML
  Rendering locations/new.html.erb within layouts/application
  Rendered locations/_form.html.erb (3.4ms)
  Rendered locations/new.html.erb within layouts/application (5.0ms)
Completed 200 OK in 33ms (Views: 30.9ms | ActiveRecord: 0.0ms)


Started POST "/locations" for 127.0.0.1 at 2018-02-20 01:34:49 -0600
Processing by LocationsController#create as HTML
  Parameters: {"utf8"=>"✓", "authenticity_token"=>"lDq7JTsC7S5L3j1shoVZe+Q7/DEaaoq4S+viwu6ojFBYITuL6G0fbBIzvdZqTfWol8nCEkfPi0co/UGLc/P4TA==", "location"=>{"name"=>""}, "commit"=>"Create Location"}
  [1m[35m (0.1ms)[0m  [1m[36mbegin transaction[0m
  [1m[35m (0.1ms)[0m  [1m[31mrollback transaction[0m
  Rendering locations/new.html.erb within layouts/application
  Rendered locations/_form.html.erb (2.9ms)
  Rendered locations/new.html.erb within layouts/application (4.4ms)
Completed 200 OK in 33ms (Views: 28.0ms | ActiveRecord: 0.3ms)


Started GET "/locations" for 127.0.0.1 at 2018-02-20 01:34:51 -0600
Processing by LocationsController#index as HTML
  Rendering locations/index.html.erb within layouts/application
  [1m[36mLocation Load (0.3ms)[0m  [1m[34mSELECT "locations".* FROM "locations"[0m
  Rendered locations/index.html.erb within layouts/application (2.7ms)
Completed 200 OK in 32ms (Views: 29.4ms | ActiveRecord: 0.3ms)


Started GET "/locations" for 127.0.0.1 at 2018-02-20 01:37:34 -0600
Processing by LocationsController#index as HTML
  Rendering locations/index.html.erb within layouts/application
  [1m[36mLocation Load (0.3ms)[0m  [1m[34mSELECT "locations".* FROM "locations"[0m
  Rendered locations/index.html.erb within layouts/application (10.9ms)
Completed 200 OK in 41ms (Views: 35.8ms | ActiveRecord: 1.6ms)


Started DELETE "/locations/3" for 127.0.0.1 at 2018-02-20 01:37:37 -0600
Processing by LocationsController#destroy as HTML
  Parameters: {"authenticity_token"=>"uHqcry4DpFXBnkpNGoBnx0ln7Q/xThJ/dJcIQxVxw4fXfyiYZ6ilwrBs7HbKUdWFucTNwVJj9rdzR+pf6knYnw==", "id"=>"3"}
  [1m[36mLocation Load (0.4ms)[0m  [1m[34mSELECT  "locations".* FROM "locations" WHERE "locations"."id" = ? LIMIT ?[0m  [["id", 3], ["LIMIT", 1]]
  [1m[35m (0.1ms)[0m  [1m[36mbegin transaction[0m
  [1m[35mSQL (0.7ms)[0m  [1m[31mDELETE FROM "locations" WHERE "locations"."id" = ?[0m  [["id", 3]]
  [1m[35m (97.1ms)[0m  [1m[36mcommit transaction[0m
Redirected to http://localhost:3000/locations
Completed 302 Found in 105ms (ActiveRecord: 98.3ms)


Started GET "/locations" for 127.0.0.1 at 2018-02-20 01:37:37 -0600
Processing by LocationsController#index as HTML
  Rendering locations/index.html.erb within layouts/application
  [1m[36mLocation Load (0.2ms)[0m  [1m[34mSELECT "locations".* FROM "locations"[0m
  Rendered locations/index.html.erb within layouts/application (2.3ms)
Completed 200 OK in 24ms (Views: 22.7ms | ActiveRecord: 0.2ms)


  [1m[35m (0.2ms)[0m  [1m[34mSELECT "schema_migrations"."version" FROM "schema_migrations" ORDER BY "schema_migrations"."version" ASC[0m
Migrating to CreateRecordings (20180220073957)
  [1m[35m (0.1ms)[0m  [1m[36mbegin transaction[0m
  [1m[35m (0.1ms)[0m  [1m[34mSELECT sqlite_version(*)[0m
  [1m[35m (1.8ms)[0m  [1m[35mCREATE TABLE "recordings" ("id" INTEGER PRIMARY KEY AUTOINCREMENT NOT NULL, "temp" integer, "status" varchar, "location_id" integer, "created_at" datetime NOT NULL, "updated_at" datetime NOT NULL, CONSTRAINT "fk_rails_4c6f11ac98"
FOREIGN KEY ("location_id")
  REFERENCES "locations" ("id")
)[0m
  [1m[35m (0.2ms)[0m  [1m[35mCREATE  INDEX "index_recordings_on_location_id" ON "recordings" ("location_id")[0m
  [1m[35mSQL (0.2ms)[0m  [1m[32mINSERT INTO "schema_migrations" ("version") VALUES (?)[0m  [["version", "20180220073957"]]
  [1m[35m (125.1ms)[0m  [1m[36mcommit transaction[0m
  [1m[36mActiveRecord::InternalMetadata Load (0.2ms)[0m  [1m[34mSELECT  "ar_internal_metadata".* FROM "ar_internal_metadata" WHERE "ar_internal_metadata"."key" = ? LIMIT ?[0m  [["key", "environment"], ["LIMIT", 1]]
  [1m[35m (0.1ms)[0m  [1m[36mbegin transaction[0m
  [1m[35m (0.1ms)[0m  [1m[36mcommit transaction[0m
  [1m[35m (0.1ms)[0m  [1m[34mSELECT "schema_migrations"."version" FROM "schema_migrations" ORDER BY "schema_migrations"."version" ASC[0m
  [1m[35m (0.2ms)[0m  [1m[34m            SELECT sql
            FROM sqlite_master
            WHERE name='index_recordings_on_location_id' AND type='index'
            UNION ALL
            SELECT sql
            FROM sqlite_temp_master
            WHERE name='index_recordings_on_location_id' AND type='index'
[0m
Started GET "/locations" for 127.0.0.1 at 2018-02-20 02:02:09 -0600
  [1m[35m (0.2ms)[0m  [1m[34mSELECT "schema_migrations"."version" FROM "schema_migrations" ORDER BY "schema_migrations"."version" ASC[0m
Processing by LocationsController#index as HTML
  Rendering locations/index.html.erb within layouts/application
  [1m[36mLocation Load (0.3ms)[0m  [1m[34mSELECT "locations".* FROM "locations"[0m
  Rendered locations/index.html.erb within layouts/application (9.0ms)
Completed 200 OK in 101ms (Views: 90.4ms | ActiveRecord: 1.3ms)


Started GET "/locations/1" for 127.0.0.1 at 2018-02-20 02:02:11 -0600
Processing by LocationsController#show as HTML
  Parameters: {"id"=>"1"}
  [1m[36mLocation Load (0.3ms)[0m  [1m[34mSELECT  "locations".* FROM "locations" WHERE "locations"."id" = ? LIMIT ?[0m  [["id", 1], ["LIMIT", 1]]
  Rendering locations/show.html.erb within layouts/application
  [1m[36mRecording Load (0.2ms)[0m  [1m[34mSELECT "recordings".* FROM "recordings" WHERE "recordings"."location_id" = ?[0m  [["location_id", 1]]
  Rendered collection of templates [0 times] (0.0ms)
  Rendered recordings/_form.html.erb (15.5ms)
  Rendered locations/show.html.erb within layouts/application (38.3ms)
Completed 200 OK in 68ms (Views: 63.1ms | ActiveRecord: 1.4ms)


Started POST "/locations/1/recordings" for 127.0.0.1 at 2018-02-20 02:02:24 -0600
Processing by RecordingsController#create as HTML
  Parameters: {"utf8"=>"✓", "authenticity_token"=>"b0W/MIAsfyMQSSxS+OZ9SkFRnnlSvY6R/tftDYqHs/cw76Qn5yOPCXHyP7RXA/YEZS7Ak9LWhLV1FNq7A1Is7Q==", "recording"=>{"temp"=>"32", "status"=>"Calor"}, "commit"=>"Create Recording", "location_id"=>"1"}
  [1m[36mLocation Load (0.4ms)[0m  [1m[34mSELECT  "locations".* FROM "locations" WHERE "locations"."id" = ? LIMIT ?[0m  [["id", 1], ["LIMIT", 1]]
  [1m[35m (0.2ms)[0m  [1m[36mbegin transaction[0m
  [1m[35mSQL (1.3ms)[0m  [1m[32mINSERT INTO "recordings" ("temp", "status", "location_id", "created_at", "updated_at") VALUES (?, ?, ?, ?, ?)[0m  [["temp", 32], ["status", "Calor"], ["location_id", 1], ["created_at", "2018-02-20 08:02:24.944585"], ["updated_at", "2018-02-20 08:02:24.944585"]]
  [1m[35m (237.2ms)[0m  [1m[36mcommit transaction[0m
Redirected to http://localhost:3000/locations/1
Completed 302 Found in 248ms (ActiveRecord: 239.2ms)


Started GET "/locations/1" for 127.0.0.1 at 2018-02-20 02:02:25 -0600
Processing by LocationsController#show as HTML
  Parameters: {"id"=>"1"}
  [1m[36mLocation Load (0.2ms)[0m  [1m[34mSELECT  "locations".* FROM "locations" WHERE "locations"."id" = ? LIMIT ?[0m  [["id", 1], ["LIMIT", 1]]
  Rendering locations/show.html.erb within layouts/application
  [1m[36mRecording Load (0.1ms)[0m  [1m[34mSELECT "recordings".* FROM "recordings" WHERE "recordings"."location_id" = ?[0m  [["location_id", 1]]
  Rendered collection of recordings/_recording.html.erb [1 times] (0.6ms)
  Rendered recordings/_form.html.erb (3.4ms)
  Rendered locations/show.html.erb within layouts/application (7.9ms)
Completed 200 OK in 35ms (Views: 33.1ms | ActiveRecord: 0.3ms)


Started POST "/locations/1/recordings" for 127.0.0.1 at 2018-02-20 02:02:38 -0600
Processing by RecordingsController#create as HTML
  Parameters: {"utf8"=>"✓", "authenticity_token"=>"at1a6FJub5qtOkOY1VPiAM5T7LOQngN/CBmzzFHyKT0F2O7fG8VuDdzI5aMFglBCPvDMfTOz57cPyVHQrsoyJQ==", "recording"=>{"temp"=>"17", "status"=>"Calido"}, "commit"=>"Create Recording", "location_id"=>"1"}
  [1m[36mLocation Load (0.2ms)[0m  [1m[34mSELECT  "locations".* FROM "locations" WHERE "locations"."id" = ? LIMIT ?[0m  [["id", 1], ["LIMIT", 1]]
  [1m[35m (0.1ms)[0m  [1m[36mbegin transaction[0m
  [1m[35mSQL (1.7ms)[0m  [1m[32mINSERT INTO "recordings" ("temp", "status", "location_id", "created_at", "updated_at") VALUES (?, ?, ?, ?, ?)[0m  [["temp", 17], ["status", "Calido"], ["location_id", 1], ["created_at", "2018-02-20 08:02:38.383800"], ["updated_at", "2018-02-20 08:02:38.383800"]]
  [1m[35m (232.0ms)[0m  [1m[36mcommit transaction[0m
Redirected to http://localhost:3000/locations/1
Completed 302 Found in 240ms (ActiveRecord: 234.0ms)


Started GET "/locations/1" for 127.0.0.1 at 2018-02-20 02:02:38 -0600
Processing by LocationsController#show as HTML
  Parameters: {"id"=>"1"}
  [1m[36mLocation Load (0.2ms)[0m  [1m[34mSELECT  "locations".* FROM "locations" WHERE "locations"."id" = ? LIMIT ?[0m  [["id", 1], ["LIMIT", 1]]
  Rendering locations/show.html.erb within layouts/application
  [1m[36mRecording Load (0.2ms)[0m  [1m[34mSELECT "recordings".* FROM "recordings" WHERE "recordings"."location_id" = ?[0m  [["location_id", 1]]
  Rendered collection of recordings/_recording.html.erb [2 times] (0.6ms)
  Rendered recordings/_form.html.erb (2.8ms)
  Rendered locations/show.html.erb within layouts/application (7.3ms)
Completed 200 OK in 35ms (Views: 32.3ms | ActiveRecord: 0.4ms)


Started GET "/locations" for 127.0.0.1 at 2018-02-20 02:02:46 -0600
Processing by LocationsController#index as HTML
  Rendering locations/index.html.erb within layouts/application
  [1m[36mLocation Load (0.3ms)[0m  [1m[34mSELECT "locations".* FROM "locations"[0m
  Rendered locations/index.html.erb within layouts/application (3.3ms)
Completed 200 OK in 41ms (Views: 38.4ms | ActiveRecord: 0.3ms)


Started GET "/locations/1" for 127.0.0.1 at 2018-02-20 02:02:51 -0600
Processing by LocationsController#show as HTML
  Parameters: {"id"=>"1"}
  [1m[36mLocation Load (0.2ms)[0m  [1m[34mSELECT  "locations".* FROM "locations" WHERE "locations"."id" = ? LIMIT ?[0m  [["id", 1], ["LIMIT", 1]]
  Rendering locations/show.html.erb within layouts/application
  [1m[36mRecording Load (0.3ms)[0m  [1m[34mSELECT "recordings".* FROM "recordings" WHERE "recordings"."location_id" = ?[0m  [["location_id", 1]]
  Rendered collection of recordings/_recording.html.erb [2 times] (0.8ms)
  Rendered recordings/_form.html.erb (4.9ms)
  Rendered locations/show.html.erb within layouts/application (12.2ms)
Completed 200 OK in 40ms (Views: 36.5ms | ActiveRecord: 0.5ms)


Started GET "/locations/1/edit" for 127.0.0.1 at 2018-02-20 02:03:04 -0600
Processing by LocationsController#edit as HTML
  Parameters: {"id"=>"1"}
  [1m[36mLocation Load (0.3ms)[0m  [1m[34mSELECT  "locations".* FROM "locations" WHERE "locations"."id" = ? LIMIT ?[0m  [["id", 1], ["LIMIT", 1]]
  Rendering locations/edit.html.erb within layouts/application
  Rendered locations/_form.html.erb (3.4ms)
  Rendered locations/edit.html.erb within layouts/application (5.4ms)
Completed 200 OK in 35ms (Views: 31.1ms | ActiveRecord: 0.3ms)


Started GET "/locations" for 127.0.0.1 at 2018-02-20 02:03:06 -0600
Processing by LocationsController#index as HTML
  Rendering locations/index.html.erb within layouts/application
  [1m[36mLocation Load (0.6ms)[0m  [1m[34mSELECT "locations".* FROM "locations"[0m
  Rendered locations/index.html.erb within layouts/application (5.4ms)
Completed 200 OK in 35ms (Views: 32.6ms | ActiveRecord: 0.6ms)


Started GET "/locations" for 127.0.0.1 at 2018-02-20 02:07:54 -0600
Processing by LocationsController#index as HTML
  Rendering locations/index.html.erb within layouts/application
  [1m[36mLocation Load (0.2ms)[0m  [1m[34mSELECT "locations".* FROM "locations"[0m
  Rendered locations/index.html.erb within layouts/application (9.2ms)
Completed 200 OK in 41ms (Views: 35.2ms | ActiveRecord: 1.4ms)


Started GET "/locations/1" for 127.0.0.1 at 2018-02-20 02:07:56 -0600
Processing by LocationsController#show as HTML
  Parameters: {"id"=>"1"}
  [1m[36mLocation Load (0.3ms)[0m  [1m[34mSELECT  "locations".* FROM "locations" WHERE "locations"."id" = ? LIMIT ?[0m  [["id", 1], ["LIMIT", 1]]
  Rendering locations/show.html.erb within layouts/application
  [1m[36mRecording Load (0.3ms)[0m  [1m[34mSELECT "recordings".* FROM "recordings" WHERE "recordings"."location_id" = ?[0m  [["location_id", 1]]
  Rendered collection of recordings/_recording.html.erb [2 times] (1.9ms)
  Rendered recordings/_form.html.erb (3.3ms)
  Rendered locations/show.html.erb within layouts/application (35.3ms)
Completed 200 OK in 60ms (Views: 55.6ms | ActiveRecord: 1.4ms)


Started DELETE "/locations/1/recordings/2" for 127.0.0.1 at 2018-02-20 02:08:02 -0600
Processing by RecordingsController#destroy as HTML
  Parameters: {"authenticity_token"=>"p8DJ/L/ujmkB/9SkjaNwvscxcUslWV91HLiTAX8RpwTIxX3L9kWP/nANcp9dcsL8N5JRhYZ0u70baHEdgCm8HA==", "location_id"=>"1", "id"=>"2"}
  [1m[36mLocation Load (0.3ms)[0m  [1m[34mSELECT  "locations".* FROM "locations" WHERE "locations"."id" = ? LIMIT ?[0m  [["id", 1], ["LIMIT", 1]]
  [1m[36mRecording Load (0.4ms)[0m  [1m[34mSELECT  "recordings".* FROM "recordings" WHERE "recordings"."location_id" = ? AND "recordings"."id" = ? LIMIT ?[0m  [["location_id", 1], ["id", 2], ["LIMIT", 1]]
  [1m[35m (0.1ms)[0m  [1m[36mbegin transaction[0m
  [1m[35mSQL (0.5ms)[0m  [1m[31mDELETE FROM "recordings" WHERE "recordings"."id" = ?[0m  [["id", 2]]
  [1m[35m (108.0ms)[0m  [1m[36mcommit transaction[0m
Redirected to http://localhost:3000/locations/1
Completed 302 Found in 119ms (ActiveRecord: 109.3ms)


Started GET "/locations/1" for 127.0.0.1 at 2018-02-20 02:08:02 -0600
Processing by LocationsController#show as HTML
  Parameters: {"id"=>"1"}
  [1m[36mLocation Load (0.1ms)[0m  [1m[34mSELECT  "locations".* FROM "locations" WHERE "locations"."id" = ? LIMIT ?[0m  [["id", 1], ["LIMIT", 1]]
  Rendering locations/show.html.erb within layouts/application
  [1m[36mRecording Load (0.2ms)[0m  [1m[34mSELECT "recordings".* FROM "recordings" WHERE "recordings"."location_id" = ?[0m  [["location_id", 1]]
  Rendered collection of recordings/_recording.html.erb [1 times] (1.0ms)
  Rendered recordings/_form.html.erb (4.0ms)
  Rendered locations/show.html.erb within layouts/application (8.7ms)
Completed 200 OK in 35ms (Views: 32.5ms | ActiveRecord: 0.3ms)


Started GET "/locations" for 127.0.0.1 at 2018-02-20 02:08:08 -0600
Processing by LocationsController#index as HTML
  Rendering locations/index.html.erb within layouts/application
  [1m[36mLocation Load (0.3ms)[0m  [1m[34mSELECT "locations".* FROM "locations"[0m
  Rendered locations/index.html.erb within layouts/application (3.6ms)
Completed 200 OK in 34ms (Views: 32.5ms | ActiveRecord: 0.3ms)


Started GET "/locations" for 127.0.0.1 at 2018-02-20 02:11:02 -0600
  
SyntaxError (/home/luis/Escritorio/clima/app/controllers/locations_controller.rb:4: syntax error, unexpected ':', expecting keyword_end
	username: "username", email: "email@dom
	         ^
/home/luis/Escritorio/clima/app/controllers/locations_controller.rb:4: syntax error, unexpected ',', expecting keyword_end
	username: "username", email: "email@domain.com", pa
	                     ^
/home/luis/Escritorio/clima/app/controllers/locations_controller.rb:4: syntax error, unexpected ',', expecting keyword_end
e", email: "email@domain.com", password: "password", 
                              ^
/home/luis/Escritorio/clima/app/controllers/locations_controller.rb:4: syntax error, unexpected ',', expecting keyword_end
in.com", password: "password", 
                              ^):
  
app/controllers/locations_controller.rb:4: syntax error, unexpected ':', expecting keyword_end
app/controllers/locations_controller.rb:4: syntax error, unexpected ',', expecting keyword_end
app/controllers/locations_controller.rb:4: syntax error, unexpected ',', expecting keyword_end
app/controllers/locations_controller.rb:4: syntax error, unexpected ',', expecting keyword_end
Started GET "/" for 127.0.0.1 at 2018-02-20 02:11:13 -0600
Processing by WelcomeController#index as HTML
  Rendering welcome/index.html.erb within layouts/application
  Rendered welcome/index.html.erb within layouts/application (1.6ms)
Completed 200 OK in 36ms (Views: 34.7ms)


Started GET "/locations" for 127.0.0.1 at 2018-02-20 02:11:15 -0600
  
SyntaxError (/home/luis/Escritorio/clima/app/controllers/locations_controller.rb:4: syntax error, unexpected ':', expecting keyword_end
	username: "username", email: "email@dom
	         ^
/home/luis/Escritorio/clima/app/controllers/locations_controller.rb:4: syntax error, unexpected ',', expecting keyword_end
	username: "username", email: "email@domain.com", pa
	                     ^
/home/luis/Escritorio/clima/app/controllers/locations_controller.rb:4: syntax error, unexpected ',', expecting keyword_end
e", email: "email@domain.com", password: "password", 
                              ^
/home/luis/Escritorio/clima/app/controllers/locations_controller.rb:4: syntax error, unexpected ',', expecting keyword_end
in.com", password: "password", 
                              ^):
  
app/controllers/locations_controller.rb:4: syntax error, unexpected ':', expecting keyword_end
app/controllers/locations_controller.rb:4: syntax error, unexpected ',', expecting keyword_end
app/controllers/locations_controller.rb:4: syntax error, unexpected ',', expecting keyword_end
app/controllers/locations_controller.rb:4: syntax error, unexpected ',', expecting keyword_end
Started GET "/locations" for 127.0.0.1 at 2018-02-20 02:12:09 -0600
Processing by LocationsController#index as HTML
  Rendering locations/index.html.erb within layouts/application
  [1m[36mLocation Load (0.7ms)[0m  [1m[34mSELECT "locations".* FROM "locations"[0m
  Rendered locations/index.html.erb within layouts/application (23.7ms)
Completed 200 OK in 88ms (Views: 77.3ms | ActiveRecord: 4.0ms)


Started GET "/" for 127.0.0.1 at 2018-02-20 02:12:16 -0600
Processing by WelcomeController#index as HTML
  Rendering welcome/index.html.erb within layouts/application
  Rendered welcome/index.html.erb within layouts/application (1.8ms)
Completed 200 OK in 39ms (Views: 36.8ms | ActiveRecord: 0.0ms)


Started GET "/locations" for 127.0.0.1 at 2018-02-20 02:12:19 -0600
Processing by LocationsController#index as HTML
  Rendering locations/index.html.erb within layouts/application
  [1m[36mLocation Load (0.3ms)[0m  [1m[34mSELECT "locations".* FROM "locations"[0m
  Rendered locations/index.html.erb within layouts/application (3.7ms)
Completed 200 OK in 33ms (Views: 31.4ms | ActiveRecord: 0.3ms)


Started GET "/locations/1" for 127.0.0.1 at 2018-02-20 02:12:21 -0600
Processing by LocationsController#show as HTML
  Parameters: {"id"=>"1"}
  [1m[36mLocation Load (0.3ms)[0m  [1m[34mSELECT  "locations".* FROM "locations" WHERE "locations"."id" = ? LIMIT ?[0m  [["id", 1], ["LIMIT", 1]]
  Rendering locations/show.html.erb within layouts/application
  [1m[36mRecording Load (0.2ms)[0m  [1m[34mSELECT "recordings".* FROM "recordings" WHERE "recordings"."location_id" = ?[0m  [["location_id", 1]]
  Rendered collection of recordings/_recording.html.erb [1 times] (2.1ms)
  Rendered recordings/_form.html.erb (3.7ms)
  Rendered locations/show.html.erb within layouts/application (26.7ms)
Completed 200 OK in 54ms (Views: 50.0ms | ActiveRecord: 1.6ms)


Started POST "/locations/1/recordings" for 127.0.0.1 at 2018-02-20 02:12:32 -0600
Processing by RecordingsController#create as HTML
  Parameters: {"utf8"=>"✓", "authenticity_token"=>"kXxhqt7/N01lUVhjZdxhkLO+ATTHHcRL3esPz9Rj2zjO1nq9ufDHZwTqS4XKOerel8Ff3kd2zm9WKDh5XbZEIg==", "recording"=>{"temp"=>"21", "status"=>"calido"}, "commit"=>"Create Recording", "location_id"=>"1"}
Filter chain halted as #<Proc:0x007fa8a1016e58@/home/luis/.rvm/gems/ruby-2.4.1/gems/actionpack-5.1.5/lib/action_controller/metal/http_authentication.rb:70> rendered or redirected
Completed 401 Unauthorized in 2ms (ActiveRecord: 0.0ms)


Started POST "/locations/1/recordings" for 127.0.0.1 at 2018-02-20 02:12:51 -0600
Processing by RecordingsController#create as HTML
  Parameters: {"utf8"=>"✓", "authenticity_token"=>"kXxhqt7/N01lUVhjZdxhkLO+ATTHHcRL3esPz9Rj2zjO1nq9ufDHZwTqS4XKOerel8Ff3kd2zm9WKDh5XbZEIg==", "recording"=>{"temp"=>"21", "status"=>"calido"}, "commit"=>"Create Recording", "location_id"=>"1"}
Completed 500 Internal Server Error in 1ms (ActiveRecord: 0.0ms)


  
TypeError (no implicit conversion of nil into String):
  
activesupport (5.1.5) lib/active_support/security_utils.rb:23:in `digest'
activesupport (5.1.5) lib/active_support/security_utils.rb:23:in `hexdigest'
activesupport (5.1.5) lib/active_support/security_utils.rb:23:in `variable_size_secure_compare'
actionpack (5.1.5) lib/action_controller/metal/http_authentication.rb:75:in `block (2 levels) in http_basic_authenticate_with'
actionpack (5.1.5) lib/action_controller/metal/http_authentication.rb:97:in `authenticate'
actionpack (5.1.5) lib/action_controller/metal/http_authentication.rb:87:in `authenticate_with_http_basic'
actionpack (5.1.5) lib/action_controller/metal/http_authentication.rb:83:in `authenticate_or_request_with_http_basic'
actionpack (5.1.5) lib/action_controller/metal/http_authentication.rb:71:in `block in http_basic_authenticate_with'
activesupport (5.1.5) lib/active_support/callbacks.rb:413:in `instance_exec'
activesupport (5.1.5) lib/active_support/callbacks.rb:413:in `block in make_lambda'
activesupport (5.1.5) lib/active_support/callbacks.rb:178:in `block (2 levels) in halting_and_conditional'
actionpack (5.1.5) lib/abstract_controller/callbacks.rb:12:in `block (2 levels) in <module:Callbacks>'
activesupport (5.1.5) lib/active_support/callbacks.rb:179:in `block in halting_and_conditional'
activesupport (5.1.5) lib/active_support/callbacks.rb:507:in `block in invoke_before'
activesupport (5.1.5) lib/active_support/callbacks.rb:507:in `each'
activesupport (5.1.5) lib/active_support/callbacks.rb:507:in `invoke_before'
activesupport (5.1.5) lib/active_support/callbacks.rb:130:in `run_callbacks'
actionpack (5.1.5) lib/abstract_controller/callbacks.rb:19:in `process_action'
actionpack (5.1.5) lib/action_controller/metal/rescue.rb:20:in `process_action'
actionpack (5.1.5) lib/action_controller/metal/instrumentation.rb:32:in `block in process_action'
activesupport (5.1.5) lib/active_support/notifications.rb:166:in `block in instrument'
activesupport (5.1.5) lib/active_support/notifications/instrumenter.rb:21:in `instrument'
activesupport (5.1.5) lib/active_support/notifications.rb:166:in `instrument'
actionpack (5.1.5) lib/action_controller/metal/instrumentation.rb:30:in `process_action'
actionpack (5.1.5) lib/action_controller/metal/params_wrapper.rb:252:in `process_action'
activerecord (5.1.5) lib/active_record/railties/controller_runtime.rb:22:in `process_action'
actionpack (5.1.5) lib/abstract_controller/base.rb:124:in `process'
actionview (5.1.5) lib/action_view/rendering.rb:30:in `process'
actionpack (5.1.5) lib/action_controller/metal.rb:189:in `dispatch'
actionpack (5.1.5) lib/action_controller/metal.rb:253:in `dispatch'
actionpack (5.1.5) lib/action_dispatch/routing/route_set.rb:49:in `dispatch'
actionpack (5.1.5) lib/action_dispatch/routing/route_set.rb:31:in `serve'
actionpack (5.1.5) lib/action_dispatch/journey/router.rb:50:in `block in serve'
actionpack (5.1.5) lib/action_dispatch/journey/router.rb:33:in `each'
actionpack (5.1.5) lib/action_dispatch/journey/router.rb:33:in `serve'
actionpack (5.1.5) lib/action_dispatch/routing/route_set.rb:844:in `call'
rack (2.0.4) lib/rack/etag.rb:25:in `call'
rack (2.0.4) lib/rack/conditional_get.rb:38:in `call'
rack (2.0.4) lib/rack/head.rb:12:in `call'
rack (2.0.4) lib/rack/session/abstract/id.rb:232:in `context'
rack (2.0.4) lib/rack/session/abstract/id.rb:226:in `call'
actionpack (5.1.5) lib/action_dispatch/middleware/cookies.rb:613:in `call'
activerecord (5.1.5) lib/active_record/migration.rb:556:in `call'
actionpack (5.1.5) lib/action_dispatch/middleware/callbacks.rb:26:in `block in call'
activesupport (5.1.5) lib/active_support/callbacks.rb:97:in `run_callbacks'
actionpack (5.1.5) lib/action_dispatch/middleware/callbacks.rb:24:in `call'
actionpack (5.1.5) lib/action_dispatch/middleware/executor.rb:12:in `call'
actionpack (5.1.5) lib/action_dispatch/middleware/debug_exceptions.rb:59:in `call'
web-console (3.5.1) lib/web_console/middleware.rb:135:in `call_app'
web-console (3.5.1) lib/web_console/middleware.rb:28:in `block in call'
web-console (3.5.1) lib/web_console/middleware.rb:18:in `catch'
web-console (3.5.1) lib/web_console/middleware.rb:18:in `call'
actionpack (5.1.5) lib/action_dispatch/middleware/show_exceptions.rb:31:in `call'
railties (5.1.5) lib/rails/rack/logger.rb:36:in `call_app'
railties (5.1.5) lib/rails/rack/logger.rb:24:in `block in call'
activesupport (5.1.5) lib/active_support/tagged_logging.rb:69:in `block in tagged'
activesupport (5.1.5) lib/active_support/tagged_logging.rb:26:in `tagged'
activesupport (5.1.5) lib/active_support/tagged_logging.rb:69:in `tagged'
railties (5.1.5) lib/rails/rack/logger.rb:24:in `call'
sprockets-rails (3.2.1) lib/sprockets/rails/quiet_assets.rb:13:in `call'
actionpack (5.1.5) lib/action_dispatch/middleware/remote_ip.rb:79:in `call'
actionpack (5.1.5) lib/action_dispatch/middleware/request_id.rb:25:in `call'
rack (2.0.4) lib/rack/method_override.rb:22:in `call'
rack (2.0.4) lib/rack/runtime.rb:22:in `call'
activesupport (5.1.5) lib/active_support/cache/strategy/local_cache_middleware.rb:27:in `call'
actionpack (5.1.5) lib/action_dispatch/middleware/executor.rb:12:in `call'
actionpack (5.1.5) lib/action_dispatch/middleware/static.rb:125:in `call'
rack (2.0.4) lib/rack/sendfile.rb:111:in `call'
railties (5.1.5) lib/rails/engine.rb:522:in `call'
puma (3.11.2) lib/puma/configuration.rb:225:in `call'
puma (3.11.2) lib/puma/server.rb:624:in `handle_request'
puma (3.11.2) lib/puma/server.rb:438:in `process_client'
puma (3.11.2) lib/puma/server.rb:302:in `block in run'
puma (3.11.2) lib/puma/thread_pool.rb:120:in `block in spawn_thread'
Started POST "/locations/1/recordings" for 127.0.0.1 at 2018-02-20 02:13:05 -0600
Processing by RecordingsController#create as HTML
  Parameters: {"utf8"=>"✓", "authenticity_token"=>"IWI9r1KpEW+efYhHVJVBzneCCfjeVTCfRaxRafWxeH5OZ4mYGwIQ+O+PLnyERPOMhyEpNn141FdCfLN1ColjZg==", "recording"=>{"temp"=>"21", "status"=>"calido"}, "commit"=>"Create Recording", "location_id"=>"1"}
Completed 500 Internal Server Error in 2ms (ActiveRecord: 0.0ms)


  
TypeError (no implicit conversion of nil into String):
  
activesupport (5.1.5) lib/active_support/security_utils.rb:23:in `digest'
activesupport (5.1.5) lib/active_support/security_utils.rb:23:in `hexdigest'
activesupport (5.1.5) lib/active_support/security_utils.rb:23:in `variable_size_secure_compare'
actionpack (5.1.5) lib/action_controller/metal/http_authentication.rb:75:in `block (2 levels) in http_basic_authenticate_with'
actionpack (5.1.5) lib/action_controller/metal/http_authentication.rb:97:in `authenticate'
actionpack (5.1.5) lib/action_controller/metal/http_authentication.rb:87:in `authenticate_with_http_basic'
actionpack (5.1.5) lib/action_controller/metal/http_authentication.rb:83:in `authenticate_or_request_with_http_basic'
actionpack (5.1.5) lib/action_controller/metal/http_authentication.rb:71:in `block in http_basic_authenticate_with'
activesupport (5.1.5) lib/active_support/callbacks.rb:413:in `instance_exec'
activesupport (5.1.5) lib/active_support/callbacks.rb:413:in `block in make_lambda'
activesupport (5.1.5) lib/active_support/callbacks.rb:178:in `block (2 levels) in halting_and_conditional'
actionpack (5.1.5) lib/abstract_controller/callbacks.rb:12:in `block (2 levels) in <module:Callbacks>'
activesupport (5.1.5) lib/active_support/callbacks.rb:179:in `block in halting_and_conditional'
activesupport (5.1.5) lib/active_support/callbacks.rb:507:in `block in invoke_before'
activesupport (5.1.5) lib/active_support/callbacks.rb:507:in `each'
activesupport (5.1.5) lib/active_support/callbacks.rb:507:in `invoke_before'
activesupport (5.1.5) lib/active_support/callbacks.rb:130:in `run_callbacks'
actionpack (5.1.5) lib/abstract_controller/callbacks.rb:19:in `process_action'
actionpack (5.1.5) lib/action_controller/metal/rescue.rb:20:in `process_action'
actionpack (5.1.5) lib/action_controller/metal/instrumentation.rb:32:in `block in process_action'
activesupport (5.1.5) lib/active_support/notifications.rb:166:in `block in instrument'
activesupport (5.1.5) lib/active_support/notifications/instrumenter.rb:21:in `instrument'
activesupport (5.1.5) lib/active_support/notifications.rb:166:in `instrument'
actionpack (5.1.5) lib/action_controller/metal/instrumentation.rb:30:in `process_action'
actionpack (5.1.5) lib/action_controller/metal/params_wrapper.rb:252:in `process_action'
activerecord (5.1.5) lib/active_record/railties/controller_runtime.rb:22:in `process_action'
actionpack (5.1.5) lib/abstract_controller/base.rb:124:in `process'
actionview (5.1.5) lib/action_view/rendering.rb:30:in `process'
actionpack (5.1.5) lib/action_controller/metal.rb:189:in `dispatch'
actionpack (5.1.5) lib/action_controller/metal.rb:253:in `dispatch'
actionpack (5.1.5) lib/action_dispatch/routing/route_set.rb:49:in `dispatch'
actionpack (5.1.5) lib/action_dispatch/routing/route_set.rb:31:in `serve'
actionpack (5.1.5) lib/action_dispatch/journey/router.rb:50:in `block in serve'
actionpack (5.1.5) lib/action_dispatch/journey/router.rb:33:in `each'
actionpack (5.1.5) lib/action_dispatch/journey/router.rb:33:in `serve'
actionpack (5.1.5) lib/action_dispatch/routing/route_set.rb:844:in `call'
rack (2.0.4) lib/rack/etag.rb:25:in `call'
rack (2.0.4) lib/rack/conditional_get.rb:38:in `call'
rack (2.0.4) lib/rack/head.rb:12:in `call'
rack (2.0.4) lib/rack/session/abstract/id.rb:232:in `context'
rack (2.0.4) lib/rack/session/abstract/id.rb:226:in `call'
actionpack (5.1.5) lib/action_dispatch/middleware/cookies.rb:613:in `call'
activerecord (5.1.5) lib/active_record/migration.rb:556:in `call'
actionpack (5.1.5) lib/action_dispatch/middleware/callbacks.rb:26:in `block in call'
activesupport (5.1.5) lib/active_support/callbacks.rb:97:in `run_callbacks'
actionpack (5.1.5) lib/action_dispatch/middleware/callbacks.rb:24:in `call'
actionpack (5.1.5) lib/action_dispatch/middleware/executor.rb:12:in `call'
actionpack (5.1.5) lib/action_dispatch/middleware/debug_exceptions.rb:59:in `call'
web-console (3.5.1) lib/web_console/middleware.rb:135:in `call_app'
web-console (3.5.1) lib/web_console/middleware.rb:28:in `block in call'
web-console (3.5.1) lib/web_console/middleware.rb:18:in `catch'
web-console (3.5.1) lib/web_console/middleware.rb:18:in `call'
actionpack (5.1.5) lib/action_dispatch/middleware/show_exceptions.rb:31:in `call'
railties (5.1.5) lib/rails/rack/logger.rb:36:in `call_app'
railties (5.1.5) lib/rails/rack/logger.rb:24:in `block in call'
activesupport (5.1.5) lib/active_support/tagged_logging.rb:69:in `block in tagged'
activesupport (5.1.5) lib/active_support/tagged_logging.rb:26:in `tagged'
activesupport (5.1.5) lib/active_support/tagged_logging.rb:69:in `tagged'
railties (5.1.5) lib/rails/rack/logger.rb:24:in `call'
sprockets-rails (3.2.1) lib/sprockets/rails/quiet_assets.rb:13:in `call'
actionpack (5.1.5) lib/action_dispatch/middleware/remote_ip.rb:79:in `call'
actionpack (5.1.5) lib/action_dispatch/middleware/request_id.rb:25:in `call'
rack (2.0.4) lib/rack/method_override.rb:22:in `call'
rack (2.0.4) lib/rack/runtime.rb:22:in `call'
activesupport (5.1.5) lib/active_support/cache/strategy/local_cache_middleware.rb:27:in `call'
actionpack (5.1.5) lib/action_dispatch/middleware/executor.rb:12:in `call'
actionpack (5.1.5) lib/action_dispatch/middleware/static.rb:125:in `call'
rack (2.0.4) lib/rack/sendfile.rb:111:in `call'
railties (5.1.5) lib/rails/engine.rb:522:in `call'
puma (3.11.2) lib/puma/configuration.rb:225:in `call'
puma (3.11.2) lib/puma/server.rb:624:in `handle_request'
puma (3.11.2) lib/puma/server.rb:438:in `process_client'
puma (3.11.2) lib/puma/server.rb:302:in `block in run'
puma (3.11.2) lib/puma/thread_pool.rb:120:in `block in spawn_thread'
Started GET "/locations" for 127.0.0.1 at 2018-02-20 02:13:13 -0600
Processing by LocationsController#index as HTML
  Rendering locations/index.html.erb within layouts/application
  [1m[36mLocation Load (0.3ms)[0m  [1m[34mSELECT "locations".* FROM "locations"[0m
  Rendered locations/index.html.erb within layouts/application (3.5ms)
Completed 200 OK in 36ms (Views: 33.8ms | ActiveRecord: 0.3ms)


